<?xml version="1.0" encoding="UTF-8"?>
<!-- Generated by org.testng.reporters.JUnitXMLReporter -->
<testsuite hostname="DESKTOP-KUVK3PK" ignored="1" name="ModuleOneTest" tests="1" failures="1" timestamp="2023-03-06T00:52:30 IST" time="0.176" errors="0">
  <testcase name="javaSearchTest" time="0.032" classname="testngScripts.SampleOneTest">
    <failure type="java.lang.NullPointerException">
      <![CDATA[java.lang.NullPointerException
at testngScripts.SampleOneTest.javaSearchTest(SampleOneTest.java:43)
at java.util.ArrayList.forEach(ArrayList.java:1259)
... Removed 27 stack frames]]>
    </failure>
  </testcase> <!-- javaSearchTest -->
  <testcase name="cypressTest" time="0.0" classname="testngScripts.SampleTwoTest">
    <ignored/>
  </testcase> <!-- cypressTest -->
</testsuite> <!-- ModuleOneTest -->
