<?xml version="1.0" encoding="UTF-8"?>
<!-- Generated by org.testng.reporters.JUnitXMLReporter -->
<testsuite hostname="DESKTOP-KUVK3PK" ignored="0" name="ModuleTwoTest" tests="5" failures="0" timestamp="2023-03-02T19:38:01 IST" time="0.427" errors="0">
  <testcase name="testFive" time="0.068" classname="parallelScripts.SampleThreeTest"/>
  <testcase name="testFour" time="0.022" classname="parallelScripts.SampleThreeTest"/>
  <testcase name="testOne" time="0.004" classname="parallelScripts.SampleThreeTest"/>
  <testcase name="testThree" time="0.01" classname="parallelScripts.SampleThreeTest"/>
  <testcase name="testTwo" time="0.037" classname="parallelScripts.SampleThreeTest"/>
</testsuite> <!-- ModuleTwoTest -->
